
--- 2026-03-11T20:36:44.963Z ---
File: krishna_kant_upadhyay_resume.pdf
Type: application/pdf
Error: Error: pdf-parse module loaded but is not a function. Export type: object
    at POST (C:\Users\krish\Downloads\AI resume analyzer\.next\dev\server\chunks\[root-of-the-server]__52df65a8._.js:426:27)
    at process.processTicksAndRejections (node:internal/process/task_queues:103:5)
    at async AppRouteRouteModule.do (C:\Users\krish\Downloads\AI resume analyzer\node_modules\next\dist\compiled\next-server\app-route-turbo.runtime.dev.js:5:37866)
    at async AppRouteRouteModule.handle (C:\Users\krish\Downloads\AI resume analyzer\node_modules\next\dist\compiled\next-server\app-route-turbo.runtime.dev.js:5:45156)
    at async responseGenerator (C:\Users\krish\Downloads\AI resume analyzer\.next\dev\server\chunks\node_modules_next_634cb7b6._.js:16687:38)
    at async AppRouteRouteModule.handleResponse (C:\Users\krish\Downloads\AI resume analyzer\node_modules\next\dist\compiled\next-server\app-route-turbo.runtime.dev.js:1:191938)
    at async handleResponse (C:\Users\krish\Downloads\AI resume analyzer\.next\dev\server\chunks\node_modules_next_634cb7b6._.js:16750:32)
    at async Module.handler (C:\Users\krish\Downloads\AI resume analyzer\.next\dev\server\chunks\node_modules_next_634cb7b6._.js:16803:13)
    at async DevServer.renderToResponseWithComponentsImpl (C:\Users\krish\Downloads\AI resume analyzer\node_modules\next\dist\server\base-server.js:1442:9)
    at async DevServer.renderPageComponent (C:\Users\krish\Downloads\AI resume analyzer\node_modules\next\dist\server\base-server.js:1494:24)
    at async DevServer.renderToResponseImpl (C:\Users\krish\Downloads\AI resume analyzer\node_modules\next\dist\server\base-server.js:1544:32)
    at async DevServer.pipeImpl (C:\Users\krish\Downloads\AI resume analyzer\node_modules\next\dist\server\base-server.js:1038:25)
    at async NextNodeServer.handleCatchallRenderRequest (C:\Users\krish\Downloads\AI resume analyzer\node_modules\next\dist\server\next-server.js:395:17)
    at async DevServer.handleRequestImpl (C:\Users\krish\Downloads\AI resume analyzer\node_modules\next\dist\server\base-server.js:929:17)
    at async C:\Users\krish\Downloads\AI resume analyzer\node_modules\next\dist\server\dev\next-dev-server.js:387:20
    at async Span.traceAsyncFn (C:\Users\krish\Downloads\AI resume analyzer\node_modules\next\dist\trace\trace.js:157:20)
    at async DevServer.handleRequest (C:\Users\krish\Downloads\AI resume analyzer\node_modules\next\dist\server\dev\next-dev-server.js:383:24)
    at async invokeRender (C:\Users\krish\Downloads\AI resume analyzer\node_modules\next\dist\server\lib\router-server.js:248:21)
    at async handleRequest (C:\Users\krish\Downloads\AI resume analyzer\node_modules\next\dist\server\lib\router-server.js:447:24)
    at async requestHandlerImpl (C:\Users\krish\Downloads\AI resume analyzer\node_modules\next\dist\server\lib\router-server.js:496:13)
    at async Server.requestListener (C:\Users\krish\Downloads\AI resume analyzer\node_modules\next\dist\server\lib\start-server.js:226:13)

--- 2026-03-13T20:53:37.254Z ---
File: krishna_kant_upadhyay_resume.pdf
Type: application/pdf
Error: Error: pdf-parse module loaded but is not a function. Export type: object
    at POST (C:\Users\krish\Downloads\AI resume analyzer\.next\dev\server\chunks\[root-of-the-server]__52df65a8._.js:431:27)
    at process.processTicksAndRejections (node:internal/process/task_queues:103:5)
    at async AppRouteRouteModule.do (C:\Users\krish\Downloads\AI resume analyzer\node_modules\next\dist\compiled\next-server\app-route-turbo.runtime.dev.js:5:37866)
    at async AppRouteRouteModule.handle (C:\Users\krish\Downloads\AI resume analyzer\node_modules\next\dist\compiled\next-server\app-route-turbo.runtime.dev.js:5:45156)
    at async responseGenerator (C:\Users\krish\Downloads\AI resume analyzer\.next\dev\server\chunks\node_modules_next_634cb7b6._.js:16687:38)
    at async AppRouteRouteModule.handleResponse (C:\Users\krish\Downloads\AI resume analyzer\node_modules\next\dist\compiled\next-server\app-route-turbo.runtime.dev.js:1:191938)
    at async handleResponse (C:\Users\krish\Downloads\AI resume analyzer\.next\dev\server\chunks\node_modules_next_634cb7b6._.js:16750:32)
    at async Module.handler (C:\Users\krish\Downloads\AI resume analyzer\.next\dev\server\chunks\node_modules_next_634cb7b6._.js:16803:13)
    at async DevServer.renderToResponseWithComponentsImpl (C:\Users\krish\Downloads\AI resume analyzer\node_modules\next\dist\server\base-server.js:1442:9)
    at async DevServer.renderPageComponent (C:\Users\krish\Downloads\AI resume analyzer\node_modules\next\dist\server\base-server.js:1494:24)
    at async DevServer.renderToResponseImpl (C:\Users\krish\Downloads\AI resume analyzer\node_modules\next\dist\server\base-server.js:1544:32)
    at async DevServer.pipeImpl (C:\Users\krish\Downloads\AI resume analyzer\node_modules\next\dist\server\base-server.js:1038:25)
    at async NextNodeServer.handleCatchallRenderRequest (C:\Users\krish\Downloads\AI resume analyzer\node_modules\next\dist\server\next-server.js:395:17)
    at async DevServer.handleRequestImpl (C:\Users\krish\Downloads\AI resume analyzer\node_modules\next\dist\server\base-server.js:929:17)
    at async C:\Users\krish\Downloads\AI resume analyzer\node_modules\next\dist\server\dev\next-dev-server.js:387:20
    at async Span.traceAsyncFn (C:\Users\krish\Downloads\AI resume analyzer\node_modules\next\dist\trace\trace.js:157:20)
    at async DevServer.handleRequest (C:\Users\krish\Downloads\AI resume analyzer\node_modules\next\dist\server\dev\next-dev-server.js:383:24)
    at async invokeRender (C:\Users\krish\Downloads\AI resume analyzer\node_modules\next\dist\server\lib\router-server.js:248:21)
    at async handleRequest (C:\Users\krish\Downloads\AI resume analyzer\node_modules\next\dist\server\lib\router-server.js:447:24)
    at async requestHandlerImpl (C:\Users\krish\Downloads\AI resume analyzer\node_modules\next\dist\server\lib\router-server.js:496:13)
    at async Server.requestListener (C:\Users\krish\Downloads\AI resume analyzer\node_modules\next\dist\server\lib\start-server.js:226:13)
